<?xml version="1.0" encoding="UTF-8"?>
<testng-results skipped="0" failed="0" total="2" passed="2">
  <reporter-output>
  </reporter-output>
  <suite name="Suite" duration-ms="27651" started-at="2018-06-20T09:13:46Z" finished-at="2018-06-20T09:14:13Z">
    <groups>
    </groups>
    <test name="Test" duration-ms="27651" started-at="2018-06-20T09:13:46Z" finished-at="2018-06-20T09:14:13Z">
      <class name="MavenDemoTest.MavenDemoTest.NEWTEST">
        <test-method status="PASS" signature="beforeClass()[pri:0, instance:MavenDemoTest.MavenDemoTest.NEWTEST@11161c7]" name="beforeClass" is-config="true" duration-ms="6167" started-at="2018-06-20T14:43:46Z" finished-at="2018-06-20T14:43:52Z">
          <reporter-output>
          </reporter-output>
        </test-method> <!-- beforeClass -->
        <test-method status="PASS" signature="openMyBlog()[pri:0, instance:MavenDemoTest.MavenDemoTest.NEWTEST@11161c7]" name="openMyBlog" duration-ms="13687" started-at="2018-06-20T14:43:52Z" finished-at="2018-06-20T14:44:06Z">
          <reporter-output>
          </reporter-output>
        </test-method> <!-- openMyBlog -->
        <test-method status="PASS" signature="openMyBlog1()[pri:0, instance:MavenDemoTest.MavenDemoTest.NEWTEST@11161c7]" name="openMyBlog1" duration-ms="6334" started-at="2018-06-20T14:44:06Z" finished-at="2018-06-20T14:44:12Z">
          <reporter-output>
          </reporter-output>
        </test-method> <!-- openMyBlog1 -->
        <test-method status="PASS" signature="afterClass()[pri:0, instance:MavenDemoTest.MavenDemoTest.NEWTEST@11161c7]" name="afterClass" is-config="true" duration-ms="1416" started-at="2018-06-20T14:44:12Z" finished-at="2018-06-20T14:44:13Z">
          <reporter-output>
          </reporter-output>
        </test-method> <!-- afterClass -->
      </class> <!-- MavenDemoTest.MavenDemoTest.NEWTEST -->
    </test> <!-- Test -->
  </suite> <!-- Suite -->
</testng-results>
